<?xml version="1.0" encoding="UTF-8"?>
<!-- Generated by org.testng.reporters.JUnitReportReporter -->
<testsuite hostname="asus" failures="0" tests="7" name="testPackage.DrooniTest" time="89.511" errors="0" timestamp="2023-07-13T20:16:27 IST" skipped="0">
  <testcase classname="testPackage.DrooniTest" name="clickRegister" time="10.907"/>
  <system-out/>
  <testcase classname="testPackage.DrooniTest" name="registration" time="42.002"/>
  <system-out/>
  <testcase classname="testPackage.DrooniTest" name="clickMenuItem" time="5.266"/>
  <system-out/>
  <testcase classname="testPackage.DrooniTest" name="productSelection" time="8.630"/>
  <system-out/>
  <testcase classname="testPackage.DrooniTest" name="addToCart" time="5.940"/>
  <system-out/>
  <testcase classname="testPackage.DrooniTest" name="proceedToCheckout" time="9.437"/>
  <system-out/>
  <testcase classname="testPackage.DrooniTest" name="placeOrder" time="7.329"/>
  <system-out/>
</testsuite> <!-- testPackage.DrooniTest -->
